File 'alice29.txt' with a size of 152089 bytes.
Type  Num Version P    CSize     CTime      CSpd     UTime      USpd  Rate
XZL2:   4 50.1         59436      0.02   7604450      0.03   5069633  61.0
XZL2:   9 50.1         59776      0.02   7604450      0.03   5069633  60.7
XZL2:  14 50.1         54264      0.04   3802225      0.03   5069633  64.4
XZL2:  19 50.1         54616      0.04   3802225      0.03   5069633  64.1
XZL2:  24 50.1         52788      0.06   2534816      0.04   3802225  65.3
XZL2:  29 50.1         53144      0.06   2534816      0.04   3802225  65.1
XZL2:  34 50.1         52192      0.04   3802225      0.05   3041780  65.7
XZL2:  39 50.1         52540      0.04   3802225      0.05   3041780  65.5
XZL2:  44 50.1         48948      1.00    152089      0.05   3041780  67.9
XZL2:  49 50.1         49308      1.00    152089      0.05   3041780  67.6
XZL2:  54 50.1         48572      1.04    146239      0.01  15208900  68.1
XZL2:  59 50.1         48936      1.04    146239      0.01  15208900  67.9
XZL2:  64 50.1         48552      1.05    144846      0.01  15208900  68.1
XZL2:  69 50.1         48908      1.05    144846      0.01  15208900  67.9
XZL2:  74 50.1         48552      2.02     75291      0.05   3041780  68.1
XZL2:  79 50.1         48908      2.02     75291      0.06   2534816  67.9
XZL2: 100 50.1         48908      2.02     75291      0.06   2534816  67.9
File 'asyoulik.txt' with a size of 125179 bytes.
Type  Num Version P    CSize     CTime      CSpd     UTime      USpd  Rate
XZL2:   4 50.1         52444      0.06   2086316      0.02   6258950  58.2
XZL2:   9 50.1         53312      0.06   2086316      0.03   4172633  57.5
XZL2:  14 50.1         48780      0.07   1788271      0.03   4172633  61.1
XZL2:  19 50.1         49672      0.01  12517900      0.03   4172633  60.4
XZL2:  24 50.1         47900      0.06   2086316      0.03   4172633  61.8
XZL2:  29 50.1         48816      0.06   2086316      0.03   4172633  61.1
XZL2:  34 50.1         47544      0.01  12517900      0.05   2503580  62.1
XZL2:  39 50.1         48460      0.01  12517900      0.05   2503580  61.3
XZL2:  44 50.1         44716      1.00    125179      0.05   2503580  64.3
XZL2:  49 50.1         45652      1.00    125179      0.05   2503580  63.6
XZL2:  54 50.1         44620      1.05    119218      0.01  12517900  64.4
XZL2:  59 50.1         45532      1.05    119218      0.01  12517900  63.7
XZL2:  64 50.1         44596      1.06    118093      0.01  12517900  64.4
XZL2:  69 50.1         45520      1.05    119218      0.01  12517900  63.7
XZL2:  74 50.1         44596      1.03    121533      0.05   2503580  64.4
XZL2:  79 50.1         45520      1.03    121533      0.05   2503580  63.7
XZL2: 100 50.1         45520      1.03    121533      0.05   2503580  63.7
File 'cp.html' with a size of 24603 bytes.
Type  Num Version P    CSize     CTime      CSpd     UTime      USpd  Rate
XZL2:   4 50.1          8296      0.04    615075      0.01   2460300  66.3
XZL2:   9 50.1          8336      0.04    615075      0.01   2460300  66.2
XZL2:  14 50.1          8140      0.02   1230150      0.01   2460300  67.0
XZL2:  19 50.1          8180      0.02   1230150      0.01   2460300  66.8
XZL2:  24 50.1          8064      0.01   2460300      0.01   2460300  67.3
XZL2:  29 50.1          8104      0.01   2460300      0.01   2460300  67.1
XZL2:  34 50.1          8032      0.04    615075      0.03    820100  67.4
XZL2:  39 50.1          8068      0.04    615075      0.03    820100  67.3
XZL2:  44 50.1          7876      0.03    820100      0.03    820100  68.0
XZL2:  49 50.1          7912      0.03    820100      0.03    820100  67.9
XZL2:  54 50.1          7748      0.01   2460300      0.05    492060  68.6
XZL2:  59 50.1          7784      0.01   2460300      0.05    492060  68.4
XZL2:  64 50.1          7704      0.01   2460300      0.05    492060  68.7
XZL2:  69 50.1          7744      0.01   2460300      0.05    492060  68.6
XZL2:  74 50.1          7704      1.06     23210      0.03    820100  68.7
XZL2:  79 50.1          7744      1.06     23210      0.03    820100  68.6
XZL2: 100 50.1          7744      1.06     23210      0.03    820100  68.6
File 'fields.c' with a size of 11150 bytes.
Type  Num Version P    CSize     CTime      CSpd     UTime      USpd  Rate
XZL2:   4 50.1          3400      0.02    557500      0.01   1115000  69.6
XZL2:   9 50.1          3420      0.02    557500      0.01   1115000  69.4
XZL2:  14 50.1          3288      0.01   1115000      0.01   1115000  70.6
XZL2:  19 50.1          3308      0.01   1115000      0.01   1115000  70.4
XZL2:  24 50.1          3244      0.05    223000      0.01   1115000  71.0
XZL2:  29 50.1          3264      0.05    223000      0.01   1115000  70.8
XZL2:  34 50.1          3216      0.01   1115000      0.02    557500  71.2
XZL2:  39 50.1          3240      0.01   1115000      0.02    557500  71.0
XZL2:  44 50.1          3112      0.06    185833      0.02    557500  72.1
XZL2:  49 50.1          3136      0.06    185833      0.02    557500  71.9
XZL2:  54 50.1          3088      0.02    557500      0.05    223000  72.4
XZL2:  59 50.1          3108      0.02    557500      0.05    223000  72.2
XZL2:  64 50.1          3088      0.02    557500      0.05    223000  72.4
XZL2:  69 50.1          3108      0.02    557500      0.05    223000  72.2
XZL2:  74 50.1          3088      1.00     11150      0.03    371666  72.4
XZL2:  79 50.1          3108      1.00     11150      0.03    371666  72.2
XZL2: 100 50.1          3108      1.00     11150      0.03    371666  72.2
File 'grammar.lsp' with a size of 3721 bytes.
Type  Num Version P    CSize     CTime      CSpd     UTime      USpd  Rate
XZL2:   4 50.1          1408      0.02    186050      0.01    372100  62.2
XZL2:   9 50.1          1412      0.02    186050      0.01    372100  62.1
XZL2:  14 50.1          1392      0.06     62016      0.01    372100  62.6
XZL2:  19 50.1          1396      0.06     62016      0.01    372100  62.5
XZL2:  24 50.1          1392      0.04     93025      0.01    372100  62.6
XZL2:  29 50.1          1396      0.04     93025      0.01    372100  62.5
XZL2:  34 50.1          1388      0.01    372100      0.02    186050  62.7
XZL2:  39 50.1          1396      0.01    372100      0.02    186050  62.5
XZL2:  44 50.1          1360      0.04     93025      0.02    186050  63.5
XZL2:  49 50.1          1364      0.04     93025      0.02    186050  63.4
XZL2:  54 50.1          1352      0.06     62016      0.05     74420  63.7
XZL2:  59 50.1          1360      0.06     62016      0.05     74420  63.5
XZL2:  64 50.1          1352      0.06     62016      0.05     74420  63.7
XZL2:  69 50.1          1360      0.06     62016      0.05     74420  63.5
XZL2:  74 50.1          1352      1.04      3577      0.03    124033  63.7
XZL2:  79 50.1          1360      1.04      3577      0.03    124033  63.5
XZL2: 100 50.1          1360      1.04      3577      0.03    124033  63.5
File 'kennedy.xls' with a size of 1029744 bytes.
Type  Num Version P    CSize     CTime      CSpd     UTime      USpd  Rate
XZL2:   4 50.1         71028      0.03  34324800      0.05  20594880  93.2
XZL2:   9 50.1         71040      0.04  25743600      0.06  17162400  93.2
XZL2:  14 50.1         69324      1.03    999751      0.01 102974400  93.3
XZL2:  19 50.1         69332      1.04    990138      0.01 102974400  93.3
XZL2:  24 50.1         69176      2.02    509774      0.02  51487200  93.3
XZL2:  29 50.1         69188      2.03    507263      0.03  34324800  93.3
XZL2:  34 50.1         70836      3.04    338731      0.01 102974400  93.2
XZL2:  39 50.1         70844      3.04    338731      0.01 102974400  93.2
XZL2:  44 50.1         53772      0.01 102974400      0.01 102974400  94.8
XZL2:  49 50.1         54160      0.01 102974400      0.01 102974400  94.8
XZL2:  54 50.1         53272      1.04    990138      0.03  34324800  94.9
XZL2:  59 50.1         52968      1.05    980708      0.04  25743600  94.9
XZL2:  64 50.1         55224      1.02   1009552      0.03  34324800  94.7
XZL2:  69 50.1         54316      1.03    999751      0.04  25743600  94.8
XZL2:  74 50.1         55224      4.07    253008      0.03  34324800  94.7
XZL2:  79 50.1         54316      4.00    257436      0.03  34324800  94.8
XZL2: 100 50.1         54316      4.00    257436      0.03  34324800  94.8
File 'lcet10.txt' with a size of 426754 bytes.
Type  Num Version P    CSize     CTime      CSpd     UTime      USpd  Rate
XZL2:   4 50.1        155968      0.06   7112566      0.01  42675400  63.5
XZL2:   9 50.1        156588      0.06   7112566      0.01  42675400  63.4
XZL2:  14 50.1        141960      1.06    402598      0.01  42675400  66.8
XZL2:  19 50.1        142616      1.07    398835      0.01  42675400  66.6
XZL2:  24 50.1        138324      1.01    422528      0.02  21337700  67.6
XZL2:  29 50.1        138984      1.01    422528      0.03  14225133  67.5
XZL2:  34 50.1        136992      2.01    212315      0.05   8535080  67.9
XZL2:  39 50.1        137648      2.02    211264      0.05   8535080  67.8
XZL2:  44 50.1        128200      2.04    209193      0.05   8535080  70.0
XZL2:  49 50.1        128800      2.05    208172      0.05   8535080  69.9
XZL2:  54 50.1        127120      3.05    139919      0.03  14225133  70.3
XZL2:  59 50.1        127800      3.05    139919      0.03  14225133  70.1
XZL2:  64 50.1        127088      3.02    141309      0.03  14225133  70.3
XZL2:  69 50.1        127724      3.03    140842      0.03  14225133  70.1
XZL2:  74 50.1        127088      5.05     84505      0.06   7112566  70.3
XZL2:  79 50.1        127724      5.05     84505      0.06   7112566  70.1
XZL2: 100 50.1        127724      5.05     84505      0.06   7112566  70.1
File 'plrabn12.txt' with a size of 481861 bytes.
Type  Num Version P    CSize     CTime      CSpd     UTime      USpd  Rate
XZL2:   4 50.1        212104      0.01  48186100      0.04  12046525  56.0
XZL2:   9 50.1        212632      0.01  48186100      0.04  12046525  55.9
XZL2:  14 50.1        193216      1.02    472412      0.04  12046525  60.0
XZL2:  19 50.1        193780      1.02    472412      0.04  12046525  59.8
XZL2:  24 50.1        188356      2.04    236206      0.05   9637220  61.0
XZL2:  29 50.1        188936      2.05    235054      0.05   9637220  60.8
XZL2:  34 50.1        186632      2.01    239731      0.01  48186100  61.3
XZL2:  39 50.1        187208      2.01    239731      0.01  48186100  61.2
XZL2:  44 50.1        172716      3.06    157470      0.01  48186100  64.2
XZL2:  49 50.1        173344      3.06    157470      0.01  48186100  64.1
XZL2:  54 50.1        172592      4.03    119568      0.05   9637220  64.2
XZL2:  59 50.1        173152      4.03    119568      0.05   9637220  64.1
XZL2:  64 50.1        172584      4.03    119568      0.05   9637220  64.2
XZL2:  69 50.1        173164      4.04    119272      0.05   9637220  64.1
XZL2:  74 50.1        172584      5.05     95418      0.01  48186100  64.2
XZL2:  79 50.1        173164      5.06     95229      0.02  24093050  64.1
XZL2: 100 50.1        173164      5.05     95418      0.02  24093050  64.1
File 'ptt5' with a size of 513216 bytes.
Type  Num Version P    CSize     CTime      CSpd     UTime      USpd  Rate
XZL2:   4 50.1         48604      0.02  25660800      0.04  12830400  90.6
XZL2:   9 50.1         48604      0.02  25660800      0.04  12830400  90.6
XZL2:  14 50.1         48760      0.02  25660800      0.04  12830400  90.5
XZL2:  19 50.1         48760      0.02  25660800      0.05  10264320  90.5
XZL2:  24 50.1         48544      0.04  12830400      0.06   8553600  90.6
XZL2:  29 50.1         48544      0.04  12830400      0.06   8553600  90.6
XZL2:  34 50.1         48552      0.02  25660800      0.01  51321600  90.6
XZL2:  39 50.1         48552      0.02  25660800      0.02  25660800  90.6
XZL2:  44 50.1         45712      1.01    508134      0.01  51321600  91.1
XZL2:  49 50.1         45712      1.01    508134      0.02  25660800  91.1
XZL2:  54 50.1         44236      2.03    252815      0.07   7331657  91.4
XZL2:  59 50.1         44236      2.03    252815      0.01  51321600  91.4
XZL2:  64 50.1         42724      2.00    256608      0.06   8553600  91.7
XZL2:  69 50.1         42724      2.00    256608      0.01  51321600  91.7
XZL2:  74 50.1         42724      4.02    127665      0.03  17107200  91.7
XZL2:  79 50.1         42724      4.03    127348      0.03  17107200  91.7
XZL2: 100 50.1         42724      4.03    127348      0.03  17107200  91.7
File 'sum' with a size of 38240 bytes.
Type  Num Version P    CSize     CTime      CSpd     UTime      USpd  Rate
XZL2:   4 50.1         10264      0.04    956000      0.01   3824000  73.2
XZL2:   9 50.1         10268      0.04    956000      0.01   3824000  73.2
XZL2:  14 50.1         10364      0.03   1274666      0.01   3824000  72.9
XZL2:  19 50.1         10364      0.03   1274666      0.01   3824000  72.9
XZL2:  24 50.1         10348      0.01   3824000      0.01   3824000  73.0
XZL2:  29 50.1         10352      0.01   3824000      0.02   1912000  73.0
XZL2:  34 50.1         10344      0.04    956000      0.03   1274666  73.0
XZL2:  39 50.1         10344      0.04    956000      0.03   1274666  73.0
XZL2:  44 50.1          9544      0.01   3824000      0.03   1274666  75.1
XZL2:  49 50.1          9548      0.01   3824000      0.03   1274666  75.1
XZL2:  54 50.1          9528      0.03   1274666      0.05    764800  75.1
XZL2:  59 50.1          9524      0.03   1274666      0.05    764800  75.1
XZL2:  64 50.1          9512      0.04    956000      0.05    764800  75.2
XZL2:  69 50.1          9528      0.04    956000      0.05    764800  75.1
XZL2:  74 50.1          9512      1.02     37490      0.04    956000  75.2
XZL2:  79 50.1          9528      1.02     37490      0.04    956000  75.1
XZL2: 100 50.1          9528      1.02     37490      0.04    956000  75.1
File 'xargs.1' with a size of 4227 bytes.
Type  Num Version P    CSize     CTime      CSpd     UTime      USpd  Rate
XZL2:   4 50.1          1944      0.02    211350      0.01    422700  54.1
XZL2:   9 50.1          1944      0.02    211350      0.01    422700  54.1
XZL2:  14 50.1          1924      0.06     70450      0.01    422700  54.5
XZL2:  19 50.1          1924      0.06     70450      0.01    422700  54.5
XZL2:  24 50.1          1916      0.04    105675      0.01    422700  54.7
XZL2:  29 50.1          1916      0.04    105675      0.01    422700  54.7
XZL2:  34 50.1          1916      0.01    422700      0.02    211350  54.7
XZL2:  39 50.1          1916      0.01    422700      0.02    211350  54.7
XZL2:  44 50.1          1880      0.04    105675      0.02    211350  55.6
XZL2:  49 50.1          1880      0.04    105675      0.02    211350  55.6
XZL2:  54 50.1          1872      0.07     60385      0.05     84540  55.8
XZL2:  59 50.1          1872      0.06     70450      0.05     84540  55.8
XZL2:  64 50.1          1872      0.07     60385      0.05     84540  55.8
XZL2:  69 50.1          1872      0.06     70450      0.05     84540  55.8
XZL2:  74 50.1          1872      1.04      4064      0.03    140900  55.8
XZL2:  79 50.1          1872      1.04      4064      0.03    140900  55.8
XZL2: 100 50.1          1872      1.04      4064      0.03    140900  55.8
